[Licensing::Module] Trying to connect to existing licensing client channel...
Built from '6000.4/staging' branch; Version is '6000.4.10f1 (feeafc12a938) revision 16706300'; Using compiler version '194234433'; Build Type 'Release'
[Licensing::IpcConnector] Successfully connected to: "LicenseClient-korea" at "2026-07-18T00:52:35.103742Z"
OS: 'Windows 10  (10.0.19045) 64bit Core' Language: 'ko' Physical Memory: 7880 MB
BatchMode: 1, IsHumanControllingUs: 0, StartBugReporterOnCrash: 0, Is64bit: 1
System  architecture: x64
Process architecture: x64
Date: 2026-07-18T00:52:35Z

COMMAND LINE ARGUMENTS:
Unity.exe
-quit
-batchmode
-nographics
-projectPath
C:\Unity\code
-logFile
compile_verify_gasbomb3.log
Successfully changed project path to: C:\Unity\code
C:/Unity/code
Exiting without the bug reporter. Application will terminate with return code 1